<?xml version="1.0" encoding="UTF-8"?>
<!-- Generated by org.testng.reporters.JUnitReportReporter -->
<testsuite hostname="PHLT255-0422" failures="0" tests="1" name="roi.live.project.RegisterNewTrainer" time="0.004" errors="0" timestamp="2024-03-15T18:02:46 PST" skipped="0">
  <testcase classname="roi.live.project.RegisterNewTrainer" name="RegisterTest" time="0.004"/>
</testsuite> <!-- roi.live.project.RegisterNewTrainer -->
