<?xml version="1.0" encoding="UTF-8"?>
<!-- Generated by org.testng.reporters.JUnitReportReporter -->
<testsuite hostname="PHLT255-0422" failures="0" tests="1" name="roi.live.project.SignInWithPOI" time="7.861" errors="0" timestamp="2024-03-06T15:34:10 PST" skipped="0">
  <testcase classname="roi.live.project.SignInWithPOI" name="LoginTest" time="7.861"/>
</testsuite> <!-- roi.live.project.SignInWithPOI -->
